<?xml version="1.0" encoding="UTF-8"?>
<!-- Generated by org.testng.reporters.JUnitXMLReporter -->
<testsuite ignored="0" hostname="Silambarasi" failures="1" tests="1" name="Test2" time="65.85" errors="0" timestamp="2023-10-05T16:36:30 IST">
  <testcase classname="TestNG_parallel.compatability" name="fb" time="65.631">
    <failure type="org.openqa.selenium.WebDriverException" message="chrome not reachable
Build info: version: &amp;apos;3.141.59&amp;apos;, revision: &amp;apos;e82be7d358&amp;apos;, time: &amp;apos;2018-11-14T08:25:48&amp;apos;
System info: host: &amp;apos;SILAMBARASI&amp;apos;, ip: &amp;apos;192.168.43.20&amp;apos;, os.name: &amp;apos;Windows 10&amp;apos;, os.arch: &amp;apos;amd64&amp;apos;, os.version: &amp;apos;10.0&amp;apos;, java.version: &amp;apos;19.0.1&amp;apos;
Driver info: driver.version: ChromeDriver
remote stacktrace: 	GetHandleVerifier [0x00B1CEB3+45171]
	(No symbol) [0x00AA9101]
	(No symbol) [0x0099BCE0]
	(No symbol) [0x00990D21]
	(No symbol) [0x009C3A38]
	(No symbol) [0x009BF69D]
	(No symbol) [0x009BD640]
	(No symbol) [0x009F1AA6]
	(No symbol) [0x009F163C]
	(No symbol) [0x009EAE46]
	(No symbol) [0x009C675E]
	(No symbol) [0x009C78FD]
	GetHandleVerifier [0x00DD54B9+2897529]
	GetHandleVerifier [0x00E1DC6B+3194411]
	GetHandleVerifier [0x00E17A41+3169281]
	GetHandleVerifier [0x00BA6130+606960]
	(No symbol) [0x00AB2E7C]
	(No symbol) [0x00AAF008]
	(No symbol) [0x00AAF12F]
	(No symbol) [0x00AA1827]
	BaseThreadInitThunk [0x759B0419+25]
	RtlGetAppContainerNamedObjectPath [0x77AF74ED+237]
	RtlGetAppContainerNamedObjectPath [0x77AF74BD+189]
">
      <![CDATA[org.openqa.selenium.WebDriverException: chrome not reachable
Build info: version: '3.141.59', revision: 'e82be7d358', time: '2018-11-14T08:25:48'
System info: host: 'SILAMBARASI', ip: '192.168.43.20', os.name: 'Windows 10', os.arch: 'amd64', os.version: '10.0', java.version: '19.0.1'
Driver info: driver.version: ChromeDriver
remote stacktrace: GetHandleVerifier [0x00B1CEB3+45171]
(No symbol) [0x00AA9101]
(No symbol) [0x0099BCE0]
(No symbol) [0x00990D21]
(No symbol) [0x009C3A38]
(No symbol) [0x009BF69D]
(No symbol) [0x009BD640]
(No symbol) [0x009F1AA6]
(No symbol) [0x009F163C]
(No symbol) [0x009EAE46]
(No symbol) [0x009C675E]
(No symbol) [0x009C78FD]
GetHandleVerifier [0x00DD54B9+2897529]
GetHandleVerifier [0x00E1DC6B+3194411]
GetHandleVerifier [0x00E17A41+3169281]
GetHandleVerifier [0x00BA6130+606960]
(No symbol) [0x00AB2E7C]
(No symbol) [0x00AAF008]
(No symbol) [0x00AAF12F]
(No symbol) [0x00AA1827]
BaseThreadInitThunk [0x759B0419+25]
RtlGetAppContainerNamedObjectPath [0x77AF74ED+237]
RtlGetAppContainerNamedObjectPath [0x77AF74BD+189]

at org.openqa.selenium.remote.W3CHandshakeResponse.lambda$errorHandler$0(W3CHandshakeResponse.java:62)
at org.openqa.selenium.remote.HandshakeResponse.lambda$getResponseFunction$0(HandshakeResponse.java:30)
at org.openqa.selenium.remote.ProtocolHandshake.lambda$createSession$0(ProtocolHandshake.java:126)
at java.base/java.util.stream.ReferencePipeline$3$1.accept(ReferencePipeline.java:197)
at java.base/java.util.Spliterators$ArraySpliterator.tryAdvance(Spliterators.java:1016)
at java.base/java.util.stream.ReferencePipeline.forEachWithCancel(ReferencePipeline.java:129)
at java.base/java.util.stream.AbstractPipeline.copyIntoWithCancel(AbstractPipeline.java:527)
at java.base/java.util.stream.AbstractPipeline.copyInto(AbstractPipeline.java:513)
at java.base/java.util.stream.AbstractPipeline.wrapAndCopyInto(AbstractPipeline.java:499)
at java.base/java.util.stream.FindOps$FindOp.evaluateSequential(FindOps.java:150)
at java.base/java.util.stream.AbstractPipeline.evaluate(AbstractPipeline.java:234)
at java.base/java.util.stream.ReferencePipeline.findFirst(ReferencePipeline.java:647)
at org.openqa.selenium.remote.ProtocolHandshake.createSession(ProtocolHandshake.java:128)
at org.openqa.selenium.remote.ProtocolHandshake.createSession(ProtocolHandshake.java:74)
at org.openqa.selenium.remote.HttpCommandExecutor.execute(HttpCommandExecutor.java:136)
at org.openqa.selenium.remote.service.DriverCommandExecutor.execute(DriverCommandExecutor.java:83)
at org.openqa.selenium.remote.RemoteWebDriver.execute(RemoteWebDriver.java:552)
at org.openqa.selenium.remote.RemoteWebDriver.startSession(RemoteWebDriver.java:213)
at org.openqa.selenium.remote.RemoteWebDriver.<init>(RemoteWebDriver.java:131)
at org.openqa.selenium.chrome.ChromeDriver.<init>(ChromeDriver.java:181)
at org.openqa.selenium.chrome.ChromeDriver.<init>(ChromeDriver.java:168)
at org.openqa.selenium.chrome.ChromeDriver.<init>(ChromeDriver.java:123)
at TestNG_parallel.compatability.fb(compatability.java:27)
at java.base/java.util.ArrayList.forEach(ArrayList.java:1511)
at java.base/java.util.concurrent.FutureTask.run(FutureTask.java:317)
at java.base/java.util.concurrent.ThreadPoolExecutor.runWorker(ThreadPoolExecutor.java:1144)
at java.base/java.util.concurrent.ThreadPoolExecutor$Worker.run(ThreadPoolExecutor.java:642)
at java.base/java.lang.Thread.run(Thread.java:1589)
... Removed 18 stack frames]]>
    </failure>
  </testcase> <!-- fb -->
</testsuite> <!-- Test2 -->
