<?xml version="1.0" encoding="UTF-8"?>
<!-- Generated by org.testng.reporters.JUnitReportReporter -->
<testsuite hostname="Silambarasi" failures="0" tests="2" name="TestNG_parallel.compatability" time="100.392" errors="1" timestamp="2023-10-05T16:36:31 IST" skipped="0">
  <testcase classname="TestNG_parallel.compatability" name="fb" time="65.631">
    <error message="chrome not reachable
Build info: version: &#039;3.141.59&#039;, revision: &#039;e82be7d358&#039;, time: &#039;2018-11-14T08:25:48&#039;
System info: host: &#039;SILAMBARASI&#039;, ip: &#039;192.168.43.20&#039;, os.name: &#039;Windows 10&#039;, os.arch: &#039;amd64&#039;, os.version: &#039;10.0&#039;, java.version: &#039;19.0.1&#039;
Driver info: driver.version: ChromeDriver
remote stacktrace: 	GetHandleVerifier [0x00B1CEB3+45171]
	(No symbol) [0x00AA9101]
	(No symbol) [0x0099BCE0]
	(No symbol) [0x00990D21]
	(No symbol) [0x009C3A38]
	(No symbol) [0x009BF69D]
	(No symbol) [0x009BD640]
	(No symbol) [0x009F1AA6]
	(No symbol) [0x009F163C]
	(No symbol) [0x009EAE46]
	(No symbol) [0x009C675E]
	(No symbol) [0x009C78FD]
	GetHandleVerifier [0x00DD54B9+2897529]
	GetHandleVerifier [0x00E1DC6B+3194411]
	GetHandleVerifier [0x00E17A41+3169281]
	GetHandleVerifier [0x00BA6130+606960]
	(No symbol) [0x00AB2E7C]
	(No symbol) [0x00AAF008]
	(No symbol) [0x00AAF12F]
	(No symbol) [0x00AA1827]
	BaseThreadInitThunk [0x759B0419+25]
	RtlGetAppContainerNamedObjectPath [0x77AF74ED+237]
	RtlGetAppContainerNamedObjectPath [0x77AF74BD+189]
" type="org.openqa.selenium.WebDriverException">
      <![CDATA[org.openqa.selenium.WebDriverException: chrome not reachable
Build info: version: '3.141.59', revision: 'e82be7d358', time: '2018-11-14T08:25:48'
System info: host: 'SILAMBARASI', ip: '192.168.43.20', os.name: 'Windows 10', os.arch: 'amd64', os.version: '10.0', java.version: '19.0.1'
Driver info: driver.version: ChromeDriver
remote stacktrace: GetHandleVerifier [0x00B1CEB3+45171]
(No symbol) [0x00AA9101]
(No symbol) [0x0099BCE0]
(No symbol) [0x00990D21]
(No symbol) [0x009C3A38]
(No symbol) [0x009BF69D]
(No symbol) [0x009BD640]
(No symbol) [0x009F1AA6]
(No symbol) [0x009F163C]
(No symbol) [0x009EAE46]
(No symbol) [0x009C675E]
(No symbol) [0x009C78FD]
GetHandleVerifier [0x00DD54B9+2897529]
GetHandleVerifier [0x00E1DC6B+3194411]
GetHandleVerifier [0x00E17A41+3169281]
GetHandleVerifier [0x00BA6130+606960]
(No symbol) [0x00AB2E7C]
(No symbol) [0x00AAF008]
(No symbol) [0x00AAF12F]
(No symbol) [0x00AA1827]
BaseThreadInitThunk [0x759B0419+25]
RtlGetAppContainerNamedObjectPath [0x77AF74ED+237]
RtlGetAppContainerNamedObjectPath [0x77AF74BD+189]

at java.base/jdk.internal.reflect.DirectConstructorHandleAccessor.newInstance(DirectConstructorHandleAccessor.java:67)
at java.base/java.lang.reflect.Constructor.newInstanceWithCaller(Constructor.java:500)
at java.base/java.lang.reflect.Constructor.newInstance(Constructor.java:484)
at org.openqa.selenium.remote.W3CHandshakeResponse.lambda$errorHandler$0(W3CHandshakeResponse.java:62)
at org.openqa.selenium.remote.HandshakeResponse.lambda$getResponseFunction$0(HandshakeResponse.java:30)
at org.openqa.selenium.remote.ProtocolHandshake.lambda$createSession$0(ProtocolHandshake.java:126)
at java.base/java.util.stream.ReferencePipeline$3$1.accept(ReferencePipeline.java:197)
at java.base/java.util.Spliterators$ArraySpliterator.tryAdvance(Spliterators.java:1016)
at java.base/java.util.stream.ReferencePipeline.forEachWithCancel(ReferencePipeline.java:129)
at java.base/java.util.stream.AbstractPipeline.copyIntoWithCancel(AbstractPipeline.java:527)
at java.base/java.util.stream.AbstractPipeline.copyInto(AbstractPipeline.java:513)
at java.base/java.util.stream.AbstractPipeline.wrapAndCopyInto(AbstractPipeline.java:499)
at java.base/java.util.stream.FindOps$FindOp.evaluateSequential(FindOps.java:150)
at java.base/java.util.stream.AbstractPipeline.evaluate(AbstractPipeline.java:234)
at java.base/java.util.stream.ReferencePipeline.findFirst(ReferencePipeline.java:647)
at org.openqa.selenium.remote.ProtocolHandshake.createSession(ProtocolHandshake.java:128)
at org.openqa.selenium.remote.ProtocolHandshake.createSession(ProtocolHandshake.java:74)
at org.openqa.selenium.remote.HttpCommandExecutor.execute(HttpCommandExecutor.java:136)
at org.openqa.selenium.remote.service.DriverCommandExecutor.execute(DriverCommandExecutor.java:83)
at org.openqa.selenium.remote.RemoteWebDriver.execute(RemoteWebDriver.java:552)
at org.openqa.selenium.remote.RemoteWebDriver.startSession(RemoteWebDriver.java:213)
at org.openqa.selenium.remote.RemoteWebDriver.<init>(RemoteWebDriver.java:131)
at org.openqa.selenium.chrome.ChromeDriver.<init>(ChromeDriver.java:181)
at org.openqa.selenium.chrome.ChromeDriver.<init>(ChromeDriver.java:168)
at org.openqa.selenium.chrome.ChromeDriver.<init>(ChromeDriver.java:123)
at TestNG_parallel.compatability.fb(compatability.java:27)
at java.base/jdk.internal.reflect.DirectMethodHandleAccessor.invoke(DirectMethodHandleAccessor.java:104)
at java.base/java.lang.reflect.Method.invoke(Method.java:578)
at org.testng.internal.invokers.MethodInvocationHelper.invokeMethod(MethodInvocationHelper.java:139)
at org.testng.internal.invokers.TestInvoker.invokeMethod(TestInvoker.java:664)
at org.testng.internal.invokers.TestInvoker.invokeTestMethod(TestInvoker.java:227)
at org.testng.internal.invokers.MethodRunner.runInSequence(MethodRunner.java:50)
at org.testng.internal.invokers.TestInvoker$MethodInvocationAgent.invoke(TestInvoker.java:957)
at org.testng.internal.invokers.TestInvoker.invokeTestMethods(TestInvoker.java:200)
at org.testng.internal.invokers.TestMethodWorker.invokeTestMethods(TestMethodWorker.java:148)
at org.testng.internal.invokers.TestMethodWorker.run(TestMethodWorker.java:128)
at java.base/java.util.ArrayList.forEach(ArrayList.java:1511)
at org.testng.TestRunner.privateRun(TestRunner.java:848)
at org.testng.TestRunner.run(TestRunner.java:621)
at org.testng.SuiteRunner.runTest(SuiteRunner.java:443)
at org.testng.SuiteRunner$SuiteWorker.run(SuiteRunner.java:481)
at org.testng.internal.thread.ThreadUtil.lambda$execute$0(ThreadUtil.java:58)
at java.base/java.util.concurrent.FutureTask.run(FutureTask.java:317)
at java.base/java.util.concurrent.ThreadPoolExecutor.runWorker(ThreadPoolExecutor.java:1144)
at java.base/java.util.concurrent.ThreadPoolExecutor$Worker.run(ThreadPoolExecutor.java:642)
at java.base/java.lang.Thread.run(Thread.java:1589)
]]>
    </error>
  </testcase> <!-- fb -->
  <testcase classname="TestNG_parallel.compatability" name="fb" time="34.761"/>
</testsuite> <!-- TestNG_parallel.compatability -->
